f:\yandexdisk\projects\programming\visual studio\vsc++\programs\динамические структуры\5_queue\debug\5_queue.pch
f:\yandexdisk\projects\programming\visual studio\vsc++\programs\динамические структуры\5_queue\debug\vc140.pdb
f:\yandexdisk\projects\programming\visual studio\vsc++\programs\динамические структуры\5_queue\debug\vc140.idb
f:\yandexdisk\projects\programming\visual studio\vsc++\programs\динамические структуры\5_queue\debug\stdafx.obj
f:\yandexdisk\projects\programming\visual studio\vsc++\programs\динамические структуры\5_queue\debug\5_queue.obj
f:\yandexdisk\projects\programming\visual studio\vsc++\programs\динамические структуры\debug\5_queue.ilk
f:\yandexdisk\projects\programming\visual studio\vsc++\programs\динамические структуры\debug\5_queue.exe
f:\yandexdisk\projects\programming\visual studio\vsc++\programs\динамические структуры\debug\5_queue.pdb
f:\git\!git+gist\проекты\динамические структуры\5_queue\debug\5_queue.obj
f:\git\!git+gist\проекты\динамические структуры\5_queue\debug\stdafx.obj
f:\git\!git+gist\проекты\динамические структуры\5_queue\debug\5_queue.pch
f:\git\!git+gist\проекты\динамические структуры\5_queue\debug\vc140.idb
f:\git\!git+gist\проекты\динамические структуры\5_queue\debug\vc140.pdb
f:\git\!git+gist\проекты\динамические структуры\debug\5_queue.pdb
f:\git\!git+gist\проекты\динамические структуры\debug\5_queue.exe
f:\git\!git+gist\проекты\динамические структуры\debug\5_queue.ilk
f:\git\!git+gist\проекты\динамические структуры\5_queue\debug\5_queue.tlog\cl.command.1.tlog
f:\git\!git+gist\проекты\динамические структуры\5_queue\debug\5_queue.tlog\cl.read.1.tlog
f:\git\!git+gist\проекты\динамические структуры\5_queue\debug\5_queue.tlog\cl.write.1.tlog
f:\git\!git+gist\проекты\динамические структуры\5_queue\debug\5_queue.tlog\link.command.1.tlog
f:\git\!git+gist\проекты\динамические структуры\5_queue\debug\5_queue.tlog\link.read.1.tlog
f:\git\!git+gist\проекты\динамические структуры\5_queue\debug\5_queue.tlog\link.write.1.tlog
