f:\yandexdisk\projects\programming\visual studio\vsc++\programs\динамические структуры\3_doubly_linear_linked_list\debug\3_doubly_linear_linked_list.pch
f:\yandexdisk\projects\programming\visual studio\vsc++\programs\динамические структуры\3_doubly_linear_linked_list\debug\vc140.pdb
f:\yandexdisk\projects\programming\visual studio\vsc++\programs\динамические структуры\3_doubly_linear_linked_list\debug\vc140.idb
f:\yandexdisk\projects\programming\visual studio\vsc++\programs\динамические структуры\3_doubly_linear_linked_list\debug\stdafx.obj
f:\yandexdisk\projects\programming\visual studio\vsc++\programs\динамические структуры\3_doubly_linear_linked_list\debug\3_doubly_linear_linked_list.obj
f:\yandexdisk\projects\programming\visual studio\vsc++\programs\динамические структуры\debug\3_doubly_linear_linked_list.ilk
f:\yandexdisk\projects\programming\visual studio\vsc++\programs\динамические структуры\debug\3_doubly_linear_linked_list.exe
f:\yandexdisk\projects\programming\visual studio\vsc++\programs\динамические структуры\debug\3_doubly_linear_linked_list.pdb
f:\git\!git+gist\проекты\динамические структуры\3_doubly_linear_linked_list\debug\3_doubly_linear_linked_list.obj
f:\git\!git+gist\проекты\динамические структуры\3_doubly_linear_linked_list\debug\stdafx.obj
f:\git\!git+gist\проекты\динамические структуры\3_doubly_linear_linked_list\debug\3_doubly_linear_linked_list.pch
f:\git\!git+gist\проекты\динамические структуры\3_doubly_linear_linked_list\debug\vc140.idb
f:\git\!git+gist\проекты\динамические структуры\3_doubly_linear_linked_list\debug\vc140.pdb
f:\git\!git+gist\проекты\динамические структуры\debug\3_doubly_linear_linked_list.pdb
f:\git\!git+gist\проекты\динамические структуры\debug\3_doubly_linear_linked_list.exe
f:\git\!git+gist\проекты\динамические структуры\debug\3_doubly_linear_linked_list.ilk
f:\git\!git+gist\проекты\динамические структуры\3_doubly_linear_linked_list\debug\3_doubly.6149b98c.tlog\cl.command.1.tlog
f:\git\!git+gist\проекты\динамические структуры\3_doubly_linear_linked_list\debug\3_doubly.6149b98c.tlog\cl.read.1.tlog
f:\git\!git+gist\проекты\динамические структуры\3_doubly_linear_linked_list\debug\3_doubly.6149b98c.tlog\cl.write.1.tlog
f:\git\!git+gist\проекты\динамические структуры\3_doubly_linear_linked_list\debug\3_doubly.6149b98c.tlog\link.command.1.tlog
f:\git\!git+gist\проекты\динамические структуры\3_doubly_linear_linked_list\debug\3_doubly.6149b98c.tlog\link.read.1.tlog
f:\git\!git+gist\проекты\динамические структуры\3_doubly_linear_linked_list\debug\3_doubly.6149b98c.tlog\link.write.1.tlog
