f:\yandexdisk\projects\programming\visual studio\vsc++\programs\динамические структуры\6_stack_laptev\debug\6_stack_laptev.pch
f:\yandexdisk\projects\programming\visual studio\vsc++\programs\динамические структуры\6_stack_laptev\debug\vc140.pdb
f:\yandexdisk\projects\programming\visual studio\vsc++\programs\динамические структуры\6_stack_laptev\debug\vc140.idb
f:\yandexdisk\projects\programming\visual studio\vsc++\programs\динамические структуры\6_stack_laptev\debug\stdafx.obj
f:\yandexdisk\projects\programming\visual studio\vsc++\programs\динамические структуры\6_stack_laptev\debug\6_stack_laptev.obj
f:\yandexdisk\projects\programming\visual studio\vsc++\programs\динамические структуры\debug\6_stack_laptev.ilk
f:\yandexdisk\projects\programming\visual studio\vsc++\programs\динамические структуры\debug\6_stack_laptev.exe
f:\yandexdisk\projects\programming\visual studio\vsc++\programs\динамические структуры\debug\6_stack_laptev.pdb
f:\git\!git+gist\проекты\динамические структуры\6_stack_laptev\debug\6_stack_laptev.obj
f:\git\!git+gist\проекты\динамические структуры\6_stack_laptev\debug\stdafx.obj
f:\git\!git+gist\проекты\динамические структуры\6_stack_laptev\debug\6_stack_laptev.pch
f:\git\!git+gist\проекты\динамические структуры\6_stack_laptev\debug\vc140.idb
f:\git\!git+gist\проекты\динамические структуры\6_stack_laptev\debug\vc140.pdb
f:\git\!git+gist\проекты\динамические структуры\debug\6_stack_laptev.pdb
f:\git\!git+gist\проекты\динамические структуры\debug\6_stack_laptev.exe
f:\git\!git+gist\проекты\динамические структуры\debug\6_stack_laptev.ilk
f:\git\!git+gist\проекты\динамические структуры\6_stack_laptev\debug\6_stack_laptev.tlog\cl.command.1.tlog
f:\git\!git+gist\проекты\динамические структуры\6_stack_laptev\debug\6_stack_laptev.tlog\cl.read.1.tlog
f:\git\!git+gist\проекты\динамические структуры\6_stack_laptev\debug\6_stack_laptev.tlog\cl.write.1.tlog
f:\git\!git+gist\проекты\динамические структуры\6_stack_laptev\debug\6_stack_laptev.tlog\link.command.1.tlog
f:\git\!git+gist\проекты\динамические структуры\6_stack_laptev\debug\6_stack_laptev.tlog\link.read.1.tlog
f:\git\!git+gist\проекты\динамические структуры\6_stack_laptev\debug\6_stack_laptev.tlog\link.write.1.tlog
