f:\yandexdisk\projects\programming\visual studio\vsc++\programs\динамические структуры\7_list\debug\7_list.pch
f:\yandexdisk\projects\programming\visual studio\vsc++\programs\динамические структуры\7_list\debug\vc140.pdb
f:\yandexdisk\projects\programming\visual studio\vsc++\programs\динамические структуры\7_list\debug\vc140.idb
f:\yandexdisk\projects\programming\visual studio\vsc++\programs\динамические структуры\7_list\debug\stdafx.obj
f:\yandexdisk\projects\programming\visual studio\vsc++\programs\динамические структуры\7_list\debug\7_list.obj
f:\yandexdisk\projects\programming\visual studio\vsc++\programs\динамические структуры\debug\7_list.ilk
f:\yandexdisk\projects\programming\visual studio\vsc++\programs\динамические структуры\debug\7_list.exe
f:\yandexdisk\projects\programming\visual studio\vsc++\programs\динамические структуры\debug\7_list.pdb
f:\git\!git+gist\проекты\динамические структуры\7_list\debug\7_list.obj
f:\git\!git+gist\проекты\динамические структуры\7_list\debug\stdafx.obj
f:\git\!git+gist\проекты\динамические структуры\7_list\debug\7_list.pch
f:\git\!git+gist\проекты\динамические структуры\7_list\debug\vc140.idb
f:\git\!git+gist\проекты\динамические структуры\7_list\debug\vc140.pdb
f:\git\!git+gist\проекты\динамические структуры\debug\7_list.pdb
f:\git\!git+gist\проекты\динамические структуры\debug\7_list.exe
f:\git\!git+gist\проекты\динамические структуры\debug\7_list.ilk
f:\git\!git+gist\проекты\динамические структуры\7_list\debug\7_list.tlog\cl.write.1.tlog
f:\git\!git+gist\проекты\динамические структуры\7_list\debug\7_list.tlog\link.command.1.tlog
f:\git\!git+gist\проекты\динамические структуры\7_list\debug\7_list.tlog\link.read.1.tlog
f:\git\!git+gist\проекты\динамические структуры\7_list\debug\7_list.tlog\link.write.1.tlog
