f:\yandexdisk\projects\programming\visual studio\vsc++\programs\динамические структуры\4_stack\debug\4_stack.pch
f:\yandexdisk\projects\programming\visual studio\vsc++\programs\динамические структуры\4_stack\debug\vc140.pdb
f:\yandexdisk\projects\programming\visual studio\vsc++\programs\динамические структуры\4_stack\debug\vc140.idb
f:\yandexdisk\projects\programming\visual studio\vsc++\programs\динамические структуры\4_stack\debug\stdafx.obj
f:\yandexdisk\projects\programming\visual studio\vsc++\programs\динамические структуры\4_stack\debug\4_stack.obj
f:\yandexdisk\projects\programming\visual studio\vsc++\programs\динамические структуры\debug\4_stack.ilk
f:\yandexdisk\projects\programming\visual studio\vsc++\programs\динамические структуры\debug\4_stack.exe
f:\yandexdisk\projects\programming\visual studio\vsc++\programs\динамические структуры\debug\4_stack.pdb
f:\git\!git+gist\проекты\динамические структуры\4_stack\debug\4_stack.obj
f:\git\!git+gist\проекты\динамические структуры\4_stack\debug\stdafx.obj
f:\git\!git+gist\проекты\динамические структуры\4_stack\debug\4_stack.pch
f:\git\!git+gist\проекты\динамические структуры\4_stack\debug\vc140.idb
f:\git\!git+gist\проекты\динамические структуры\4_stack\debug\vc140.pdb
f:\git\!git+gist\проекты\динамические структуры\debug\4_stack.pdb
f:\git\!git+gist\проекты\динамические структуры\debug\4_stack.exe
f:\git\!git+gist\проекты\динамические структуры\debug\4_stack.ilk
f:\git\!git+gist\проекты\динамические структуры\4_stack\debug\4_stack.tlog\cl.command.1.tlog
f:\git\!git+gist\проекты\динамические структуры\4_stack\debug\4_stack.tlog\cl.read.1.tlog
f:\git\!git+gist\проекты\динамические структуры\4_stack\debug\4_stack.tlog\cl.write.1.tlog
f:\git\!git+gist\проекты\динамические структуры\4_stack\debug\4_stack.tlog\link.command.1.tlog
f:\git\!git+gist\проекты\динамические структуры\4_stack\debug\4_stack.tlog\link.read.1.tlog
f:\git\!git+gist\проекты\динамические структуры\4_stack\debug\4_stack.tlog\link.write.1.tlog
