f:\yandexdisk\projects\programming\visual studio\vsc++\programs\динамические структуры\2_linked_singly_circular _list\debug\2_linked_singly_circular_list.pch
f:\yandexdisk\projects\programming\visual studio\vsc++\programs\динамические структуры\2_linked_singly_circular _list\debug\vc140.pdb
f:\yandexdisk\projects\programming\visual studio\vsc++\programs\динамические структуры\2_linked_singly_circular _list\debug\vc140.idb
f:\yandexdisk\projects\programming\visual studio\vsc++\programs\динамические структуры\2_linked_singly_circular _list\debug\stdafx.obj
f:\yandexdisk\projects\programming\visual studio\vsc++\programs\динамические структуры\2_linked_singly_circular _list\debug\2_linked_singly_circular _list.obj
f:\yandexdisk\projects\programming\visual studio\vsc++\programs\динамические структуры\debug\2_linked_singly_circular_list.ilk
f:\yandexdisk\projects\programming\visual studio\vsc++\programs\динамические структуры\debug\2_linked_singly_circular_list.exe
f:\yandexdisk\projects\programming\visual studio\vsc++\programs\динамические структуры\debug\2_linked_singly_circular_list.pdb
f:\git\!git+gist\проекты\динамические структуры\2_linked_singly_circular _list\debug\2_linked_singly_circular _list.obj
f:\git\!git+gist\проекты\динамические структуры\2_linked_singly_circular _list\debug\stdafx.obj
f:\git\!git+gist\проекты\динамические структуры\2_linked_singly_circular _list\debug\2_linked_singly_circular_list.pch
f:\git\!git+gist\проекты\динамические структуры\2_linked_singly_circular _list\debug\vc140.idb
f:\git\!git+gist\проекты\динамические структуры\2_linked_singly_circular _list\debug\vc140.pdb
f:\git\!git+gist\проекты\динамические структуры\debug\2_linked_singly_circular_list.pdb
f:\git\!git+gist\проекты\динамические структуры\debug\2_linked_singly_circular_list.exe
f:\git\!git+gist\проекты\динамические структуры\debug\2_linked_singly_circular_list.ilk
f:\git\!git+gist\проекты\динамические структуры\2_linked_singly_circular _list\debug\2_linked.74d8b22a.tlog\cl.command.1.tlog
f:\git\!git+gist\проекты\динамические структуры\2_linked_singly_circular _list\debug\2_linked.74d8b22a.tlog\cl.read.1.tlog
f:\git\!git+gist\проекты\динамические структуры\2_linked_singly_circular _list\debug\2_linked.74d8b22a.tlog\cl.write.1.tlog
f:\git\!git+gist\проекты\динамические структуры\2_linked_singly_circular _list\debug\2_linked.74d8b22a.tlog\link.command.1.tlog
f:\git\!git+gist\проекты\динамические структуры\2_linked_singly_circular _list\debug\2_linked.74d8b22a.tlog\link.read.1.tlog
f:\git\!git+gist\проекты\динамические структуры\2_linked_singly_circular _list\debug\2_linked.74d8b22a.tlog\link.write.1.tlog
